<?xml version="1.0" encoding="UTF-8"?>
<!-- Generated by org.testng.reporters.JUnitReportReporter -->
<testsuite hostname="DESKTOP-G5101JO" failures="0" tests="2" name="testNGpackage.grouping" time="0.018" errors="0" timestamp="2022-07-20T10:47:12 IST" skipped="0">
  <testcase classname="testNGpackage.grouping" name="testcase3" time="0.015"/>
  <system-out/>
  <testcase classname="testNGpackage.grouping" name="testcase4" time="0.003"/>
  <system-out/>
</testsuite> <!-- testNGpackage.grouping -->
