<?xml version="1.0" encoding="UTF-8"?>
<!-- Generated by org.testng.reporters.JUnitReportReporter -->
<testsuite hostname="DESKTOP-G5101JO" failures="0" tests="2" name="testNGpackage.testclass1" time="0.020" errors="0" timestamp="2022-07-17T10:13:03 IST" skipped="0">
  <testcase classname="testNGpackage.testclass1" name="test" time="0.018"/>
  <system-out/>
  <testcase classname="testNGpackage.testclass1" name="test2" time="0.002"/>
  <system-out/>
</testsuite> <!-- testNGpackage.testclass1 -->
