<?xml version="1.0" encoding="UTF-8"?>
<!-- Generated by org.testng.reporters.JUnitReportReporter -->
<testsuite hostname="DESKTOP-G5101JO" failures="0" tests="1" name="testNGpackage.assettiion" time="0.022" errors="0" timestamp="2022-07-31T16:15:01 IST" skipped="0">
  <testcase classname="testNGpackage.assettiion" name="shri" time="0.022"/>
  <system-out/>
</testsuite> <!-- testNGpackage.assettiion -->
