<?xml version="1.0" encoding="UTF-8"?>
<!-- Generated by org.testng.reporters.JUnitReportReporter -->
<testsuite hostname="DESKTOP-G5101JO" failures="0" tests="1" name="testNGpackage.anotations" time="0.012" errors="0" timestamp="2022-07-20T09:21:19 IST" skipped="0">
  <testcase classname="testNGpackage.anotations" name="test" time="0.012"/>
  <system-out/>
</testsuite> <!-- testNGpackage.anotations -->
