<?xml version="1.0" encoding="UTF-8"?>
<!-- Generated by org.testng.reporters.JUnitReportReporter -->
<testsuite hostname="DESKTOP-G5101JO" failures="0" tests="3" name="testNGpackage.priority" time="0.059" errors="0" timestamp="2022-07-17T11:08:11 IST" skipped="1">
  <testcase classname="testNGpackage.priority" name="setup" time="0.053"/>
  <system-out/>
  <testcase classname="testNGpackage.priority" name="login" time="0.006"/>
  <system-out/>
  <testcase classname="testNGpackage.priority" name="tesrdown">
    <skipped/>
  </testcase> <!-- tesrdown -->
  <system-out/>
</testsuite> <!-- testNGpackage.priority -->
