<?xml version="1.0" encoding="UTF-8"?>
<!-- Generated by org.testng.reporters.JUnitReportReporter -->
<testsuite hostname="DESKTOP-G5101JO" failures="0" tests="1" name="testNGpackage.anotation2" time="0.002" errors="0" timestamp="2022-07-20T09:21:19 IST" skipped="0">
  <testcase classname="testNGpackage.anotation2" name="test2" time="0.002"/>
  <system-out/>
</testsuite> <!-- testNGpackage.anotation2 -->
